<?xml version="1.0" encoding="UTF-8"?>
<testsuite name="com.telran.selenium.LoginToWiki" tests="1" skipped="0" failures="0" errors="0" timestamp="2019-09-19T08:19:57" hostname="DESKTOP-79N8AM4" time="12.592">
  <properties/>
  <testcase name="loginTest" classname="com.telran.selenium.LoginToWiki" time="12.592"/>
  <system-out><![CDATA[]]></system-out>
  <system-err><![CDATA[]]></system-err>
</testsuite>
