<?xml version="1.0" encoding="UTF-8"?>
<testsuite name="com.telran.selenium.tests.LoginToWiki" tests="1" skipped="0" failures="0" errors="0" timestamp="2019-10-07T13:34:48" hostname="DESKTOP-79N8AM4" time="12.98">
  <properties/>
  <testcase name="loginTest" classname="com.telran.selenium.tests.LoginToWiki" time="12.98"/>
  <system-out><![CDATA[]]></system-out>
  <system-err><![CDATA[]]></system-err>
</testsuite>
